2021.04.17, 09:27:24.0937 UTC -> Error getting response for client r4gt6vu7: {
  _id: 607aa915ea53a9082c64e430,
  response_id: '4p9b6f',
  client_id: 'r4gt6vu7',
  response: 'Windows 10 eneterprise bl;a blajasdasd ',
  __v: 0
}
2021.04.17, 09:27:26.0915 UTC -> Error getting response for client r4gt6vu7: {
  _id: 607aa915ea53a9082c64e430,
  response_id: '4p9b6f',
  client_id: 'r4gt6vu7',
  response: 'Windows 10 eneterprise bl;a blajasdasd ',
  __v: 0
}
2021.04.17, 09:27:28.0925 UTC -> Error getting response for client r4gt6vu7: {
  _id: 607aa915ea53a9082c64e430,
  response_id: '4p9b6f',
  client_id: 'r4gt6vu7',
  response: 'Windows 10 eneterprise bl;a blajasdasd ',
  __v: 0
}
2021.04.17, 09:27:31.0740 UTC -> Error getting response for client r4gt6vu7: {
  _id: 607aa915ea53a9082c64e430,
  response_id: '4p9b6f',
  client_id: 'r4gt6vu7',
  response: 'Windows 10 eneterprise bl;a blajasdasd ',
  __v: 0
}
2021.04.17, 09:27:32.0952 UTC -> Error getting response for client r4gt6vu7: {
  _id: 607aa915ea53a9082c64e430,
  response_id: '4p9b6f',
  client_id: 'r4gt6vu7',
  response: 'Windows 10 eneterprise bl;a blajasdasd ',
  __v: 0
}
2021.04.17, 09:27:34.0964 UTC -> Error getting response for client r4gt6vu7: {
  _id: 607aa915ea53a9082c64e430,
  response_id: '4p9b6f',
  client_id: 'r4gt6vu7',
  response: 'Windows 10 eneterprise bl;a blajasdasd ',
  __v: 0
}
2021.04.17, 09:27:36.0992 UTC -> Error getting response for client r4gt6vu7: {
  _id: 607aa915ea53a9082c64e430,
  response_id: '4p9b6f',
  client_id: 'r4gt6vu7',
  response: 'Windows 10 eneterprise bl;a blajasdasd ',
  __v: 0
}
2021.04.17, 09:27:39.0004 UTC -> Error getting response for client r4gt6vu7: {
  _id: 607aa915ea53a9082c64e430,
  response_id: '4p9b6f',
  client_id: 'r4gt6vu7',
  response: 'Windows 10 eneterprise bl;a blajasdasd ',
  __v: 0
}
2021.04.17, 09:27:41.0196 UTC -> Error getting response for client r4gt6vu7: {
  _id: 607aa915ea53a9082c64e430,
  response_id: '4p9b6f',
  client_id: 'r4gt6vu7',
  response: 'Windows 10 eneterprise bl;a blajasdasd ',
  __v: 0
}
2021.04.17, 09:27:43.0013 UTC -> Error getting response for client r4gt6vu7: {
  _id: 607aa915ea53a9082c64e430,
  response_id: '4p9b6f',
  client_id: 'r4gt6vu7',
  response: 'Windows 10 eneterprise bl;a blajasdasd ',
  __v: 0
}
2021.04.17, 09:27:45.0009 UTC -> Error getting response for client r4gt6vu7: {
  _id: 607aa915ea53a9082c64e430,
  response_id: '4p9b6f',
  client_id: 'r4gt6vu7',
  response: 'Windows 10 eneterprise bl;a blajasdasd ',
  __v: 0
}
2021.04.17, 09:27:47.0043 UTC -> Error getting response for client r4gt6vu7: {
  _id: 607aa915ea53a9082c64e430,
  response_id: '4p9b6f',
  client_id: 'r4gt6vu7',
  response: 'Windows 10 eneterprise bl;a blajasdasd ',
  __v: 0
}
2021.04.17, 09:27:49.0072 UTC -> Error getting response for client r4gt6vu7: {
  _id: 607aa915ea53a9082c64e430,
  response_id: '4p9b6f',
  client_id: 'r4gt6vu7',
  response: 'Windows 10 eneterprise bl;a blajasdasd ',
  __v: 0
}
2021.04.17, 09:27:52.0959 UTC -> Error getting response for client r4gt6vu7: {
  _id: 607aa915ea53a9082c64e430,
  response_id: '4p9b6f',
  client_id: 'r4gt6vu7',
  response: 'Windows 10 eneterprise bl;a blajasdasd ',
  __v: 0
}
2021.04.17, 09:27:53.0073 UTC -> Error getting response for client r4gt6vu7: {
  _id: 607aa915ea53a9082c64e430,
  response_id: '4p9b6f',
  client_id: 'r4gt6vu7',
  response: 'Windows 10 eneterprise bl;a blajasdasd ',
  __v: 0
}
2021.04.17, 09:27:55.0034 UTC -> Error getting response for client r4gt6vu7: {
  _id: 607aa915ea53a9082c64e430,
  response_id: '4p9b6f',
  client_id: 'r4gt6vu7',
  response: 'Windows 10 eneterprise bl;a blajasdasd ',
  __v: 0
}
2021.04.17, 09:27:57.0048 UTC -> Error getting response for client r4gt6vu7: {
  _id: 607aa915ea53a9082c64e430,
  response_id: '4p9b6f',
  client_id: 'r4gt6vu7',
  response: 'Windows 10 eneterprise bl;a blajasdasd ',
  __v: 0
}
2021.04.17, 09:27:59.0064 UTC -> Error getting response for client r4gt6vu7: {
  _id: 607aa915ea53a9082c64e430,
  response_id: '4p9b6f',
  client_id: 'r4gt6vu7',
  response: 'Windows 10 eneterprise bl;a blajasdasd ',
  __v: 0
}
2021.04.17, 09:28:01.0342 UTC -> Error getting response for client r4gt6vu7: {
  _id: 607aa915ea53a9082c64e430,
  response_id: '4p9b6f',
  client_id: 'r4gt6vu7',
  response: 'Windows 10 eneterprise bl;a blajasdasd ',
  __v: 0
}
2021.04.17, 09:28:03.0072 UTC -> Error getting response for client r4gt6vu7: {
  _id: 607aa915ea53a9082c64e430,
  response_id: '4p9b6f',
  client_id: 'r4gt6vu7',
  response: 'Windows 10 eneterprise bl;a blajasdasd ',
  __v: 0
}
2021.04.17, 09:28:05.0061 UTC -> Error getting response for client r4gt6vu7: {
  _id: 607aa915ea53a9082c64e430,
  response_id: '4p9b6f',
  client_id: 'r4gt6vu7',
  response: 'Windows 10 eneterprise bl;a blajasdasd ',
  __v: 0
}
2021.04.17, 09:28:07.0084 UTC -> Error getting response for client r4gt6vu7: {
  _id: 607aa915ea53a9082c64e430,
  response_id: '4p9b6f',
  client_id: 'r4gt6vu7',
  response: 'Windows 10 eneterprise bl;a blajasdasd ',
  __v: 0
}
2021.04.17, 09:28:09.0090 UTC -> Error getting response for client r4gt6vu7: {
  _id: 607aa915ea53a9082c64e430,
  response_id: '4p9b6f',
  client_id: 'r4gt6vu7',
  response: 'Windows 10 eneterprise bl;a blajasdasd ',
  __v: 0
}
2021.04.17, 09:28:11.0520 UTC -> Error getting response for client r4gt6vu7: {
  _id: 607aa915ea53a9082c64e430,
  response_id: '4p9b6f',
  client_id: 'r4gt6vu7',
  response: 'Windows 10 eneterprise bl;a blajasdasd ',
  __v: 0
}
2021.04.17, 09:28:13.0110 UTC -> Error getting response for client r4gt6vu7: {
  _id: 607aa915ea53a9082c64e430,
  response_id: '4p9b6f',
  client_id: 'r4gt6vu7',
  response: 'Windows 10 eneterprise bl;a blajasdasd ',
  __v: 0
}
2021.04.17, 09:28:15.0091 UTC -> Error getting response for client r4gt6vu7: {
  _id: 607aa915ea53a9082c64e430,
  response_id: '4p9b6f',
  client_id: 'r4gt6vu7',
  response: 'Windows 10 eneterprise bl;a blajasdasd ',
  __v: 0
}
2021.04.17, 09:28:17.0107 UTC -> Error getting response for client r4gt6vu7: {
  _id: 607aa915ea53a9082c64e430,
  response_id: '4p9b6f',
  client_id: 'r4gt6vu7',
  response: 'Windows 10 eneterprise bl;a blajasdasd ',
  __v: 0
}
2021.04.17, 09:28:19.0125 UTC -> Error getting response for client r4gt6vu7: {
  _id: 607aa915ea53a9082c64e430,
  response_id: '4p9b6f',
  client_id: 'r4gt6vu7',
  response: 'Windows 10 eneterprise bl;a blajasdasd ',
  __v: 0
}
2021.04.17, 09:28:21.0241 UTC -> Error getting response for client r4gt6vu7: {
  _id: 607aa915ea53a9082c64e430,
  response_id: '4p9b6f',
  client_id: 'r4gt6vu7',
  response: 'Windows 10 eneterprise bl;a blajasdasd ',
  __v: 0
}
2021.04.17, 09:28:23.0141 UTC -> Error getting response for client r4gt6vu7: {
  _id: 607aa915ea53a9082c64e430,
  response_id: '4p9b6f',
  client_id: 'r4gt6vu7',
  response: 'Windows 10 eneterprise bl;a blajasdasd ',
  __v: 0
}
2021.04.17, 09:28:25.0159 UTC -> Error getting response for client r4gt6vu7: {
  _id: 607aa915ea53a9082c64e430,
  response_id: '4p9b6f',
  client_id: 'r4gt6vu7',
  response: 'Windows 10 eneterprise bl;a blajasdasd ',
  __v: 0
}
2021.04.17, 09:28:27.0157 UTC -> Error getting response for client r4gt6vu7: {
  _id: 607aa915ea53a9082c64e430,
  response_id: '4p9b6f',
  client_id: 'r4gt6vu7',
  response: 'Windows 10 eneterprise bl;a blajasdasd ',
  __v: 0
}
2021.04.17, 09:28:29.0176 UTC -> Error getting response for client r4gt6vu7: {
  _id: 607aa915ea53a9082c64e430,
  response_id: '4p9b6f',
  client_id: 'r4gt6vu7',
  response: 'Windows 10 eneterprise bl;a blajasdasd ',
  __v: 0
}
2021.04.17, 09:28:31.0202 UTC -> Error getting response for client r4gt6vu7: {
  _id: 607aa915ea53a9082c64e430,
  response_id: '4p9b6f',
  client_id: 'r4gt6vu7',
  response: 'Windows 10 eneterprise bl;a blajasdasd ',
  __v: 0
}
2021.04.17, 09:28:33.0173 UTC -> Error getting response for client r4gt6vu7: {
  _id: 607aa915ea53a9082c64e430,
  response_id: '4p9b6f',
  client_id: 'r4gt6vu7',
  response: 'Windows 10 eneterprise bl;a blajasdasd ',
  __v: 0
}
2021.04.17, 09:28:36.0788 UTC -> Error getting response for client r4gt6vu7: {
  _id: 607aa915ea53a9082c64e430,
  response_id: '4p9b6f',
  client_id: 'r4gt6vu7',
  response: 'Windows 10 eneterprise bl;a blajasdasd ',
  __v: 0
}
2021.04.17, 09:28:37.0189 UTC -> Error getting response for client r4gt6vu7: {
  _id: 607aa915ea53a9082c64e430,
  response_id: '4p9b6f',
  client_id: 'r4gt6vu7',
  response: 'Windows 10 eneterprise bl;a blajasdasd ',
  __v: 0
}
2021.04.17, 09:28:39.0178 UTC -> Error getting response for client r4gt6vu7: {
  _id: 607aa915ea53a9082c64e430,
  response_id: '4p9b6f',
  client_id: 'r4gt6vu7',
  response: 'Windows 10 eneterprise bl;a blajasdasd ',
  __v: 0
}
2021.04.17, 09:28:41.0819 UTC -> Error getting response for client r4gt6vu7: {
  _id: 607aa915ea53a9082c64e430,
  response_id: '4p9b6f',
  client_id: 'r4gt6vu7',
  response: 'Windows 10 eneterprise bl;a blajasdasd ',
  __v: 0
}
2021.04.17, 09:28:43.0224 UTC -> Error getting response for client r4gt6vu7: {
  _id: 607aa915ea53a9082c64e430,
  response_id: '4p9b6f',
  client_id: 'r4gt6vu7',
  response: 'Windows 10 eneterprise bl;a blajasdasd ',
  __v: 0
}
2021.04.17, 09:28:45.0240 UTC -> Error getting response for client r4gt6vu7: {
  _id: 607aa915ea53a9082c64e430,
  response_id: '4p9b6f',
  client_id: 'r4gt6vu7',
  response: 'Windows 10 eneterprise bl;a blajasdasd ',
  __v: 0
}
2021.04.17, 09:28:47.0231 UTC -> Error getting response for client r4gt6vu7: {
  _id: 607aa915ea53a9082c64e430,
  response_id: '4p9b6f',
  client_id: 'r4gt6vu7',
  response: 'Windows 10 eneterprise bl;a blajasdasd ',
  __v: 0
}
2021.04.17, 09:28:49.0351 UTC -> Error getting response for client r4gt6vu7: {
  _id: 607aa915ea53a9082c64e430,
  response_id: '4p9b6f',
  client_id: 'r4gt6vu7',
  response: 'Windows 10 eneterprise bl;a blajasdasd ',
  __v: 0
}
2021.04.17, 09:28:57.0646 UTC -> Error getting response for client r4gt6vu7: {
  _id: 607aa915ea53a9082c64e430,
  response_id: '4p9b6f',
  client_id: 'r4gt6vu7',
  response: 'Windows 10 eneterprise bl;a blajasdasd ',
  __v: 0
}
2021.04.17, 09:29:03.0790 UTC -> Error getting response for client r4gt6vu7: {
  _id: 607aa915ea53a9082c64e430,
  response_id: '4p9b6f',
  client_id: 'r4gt6vu7',
  response: 'Windows 10 eneterprise bl;a blajasdasd ',
  __v: 0
}
2021.04.17, 09:29:09.0630 UTC -> Error getting response for client r4gt6vu7: {
  _id: 607aa915ea53a9082c64e430,
  response_id: '4p9b6f',
  client_id: 'r4gt6vu7',
  response: 'Windows 10 eneterprise bl;a blajasdasd ',
  __v: 0
}
2021.04.17, 09:29:15.0636 UTC -> Error getting response for client r4gt6vu7: {
  _id: 607aa915ea53a9082c64e430,
  response_id: '4p9b6f',
  client_id: 'r4gt6vu7',
  response: 'Windows 10 eneterprise bl;a blajasdasd ',
  __v: 0
}
2021.04.17, 09:29:22.0185 UTC -> Error getting response for client r4gt6vu7: {
  _id: 607aa915ea53a9082c64e430,
  response_id: '4p9b6f',
  client_id: 'r4gt6vu7',
  response: 'Windows 10 eneterprise bl;a blajasdasd ',
  __v: 0
}
2021.04.17, 09:29:27.0660 UTC -> Error getting response for client r4gt6vu7: {
  _id: 607aa915ea53a9082c64e430,
  response_id: '4p9b6f',
  client_id: 'r4gt6vu7',
  response: 'Windows 10 eneterprise bl;a blajasdasd ',
  __v: 0
}
2021.04.17, 09:29:33.0664 UTC -> Error getting response for client r4gt6vu7: {
  _id: 607aa915ea53a9082c64e430,
  response_id: '4p9b6f',
  client_id: 'r4gt6vu7',
  response: 'Windows 10 eneterprise bl;a blajasdasd ',
  __v: 0
}
